[[36mcamera_calibration_parsers[0m] [1m[34m==>[0m '[1m/home/l/teleop_pioneer_slam/build/camera_calibration_parsers/build_env.sh /usr/bin/cmake /home/l/teleop_pioneer_slam/src/image_common/camera_calibration_parsers -DCATKIN_DEVEL_PREFIX=/home/l/teleop_pioneer_slam/devel -DCMAKE_INSTALL_PREFIX=/home/l/teleop_pioneer_slam/install[0m' [30m[1min[0m '[1m/home/l/teleop_pioneer_slam/build/camera_calibration_parsers[0m'[0m
[36m-- [0mThe C compiler identification is GNU 5.4.0
[0m[36m-- [0mThe CXX compiler identification is GNU 5.4.0
[0m[36m-- [0mCheck for working C compiler:[33m /usr/bin/cc
[0m[0m[36m-- [0mCheck for working C compiler:[33m /usr/bin/cc -- works
[0m[0m[36m-- [0mDetecting C compiler ABI info
[0m[36m-- [0mDetecting C compiler ABI info - done
[0m[36m-- [0mDetecting C compile features
[0m[36m-- [0mDetecting C compile features - done
[0m[36m-- [0mCheck for working CXX compiler:[33m /usr/bin/c++
[0m[0m[36m-- [0mCheck for working CXX compiler:[33m /usr/bin/c++ -- works
[0m[0m[36m-- [0mDetecting CXX compiler ABI info
[0m[36m-- [0mDetecting CXX compiler ABI info - done
[0m[36m-- [0mDetecting CXX compile features
[0m[36m-- [0mDetecting CXX compile features - done
[0m[36m-- [0mUsing CATKIN_DEVEL_PREFIX:[33m /home/l/teleop_pioneer_slam/devel
[0m[0m[36m-- [0mUsing CMAKE_PREFIX_PATH:[33m /home/l/teleop_pioneer_slam/devel;/opt/ros/kinetic
[0m[0m[36m-- [0mThis workspace overlays:[33m /home/l/teleop_pioneer_slam/devel;/opt/ros/kinetic
[0m[0m[36m-- [0mFound PythonInterp:[33m /usr/bin/python (found version "2.7.12") 
[0m[0m[36m-- [0mUsing PYTHON_EXECUTABLE:[33m /usr/bin/python
[0m[0m[36m-- [0mUsing Debian Python package layout
[0m[36m-- [0mUsing empy:[33m /usr/bin/empy
[0m[0m[36m-- [0mUsing CATKIN_ENABLE_TESTING:[33m ON
[0m[0m[36m-- [0mCall enable_testing()
[0m[36m-- [0mUsing CATKIN_TEST_RESULTS_DIR:[33m /home/l/teleop_pioneer_slam/build/camera_calibration_parsers/test_results
[0m[0m[36m-- [0mFound gmock sources under '/usr/src/gmock':[33m gmock will be built
[0m[0m[36m-- [0mLooking for pthread.h
[0m[36m-- [0mLooking for pthread.h - found
[0m[36m-- [0mLooking for pthread_create
[0m[36m-- [0mLooking for pthread_create - not found
[0m[36m-- [0mLooking for pthread_create in pthreads
[0m[36m-- [0mLooking for pthread_create in pthreads - not found
[0m[36m-- [0mLooking for pthread_create in pthread
[0m[36m-- [0mLooking for pthread_create in pthread - found
[0m[36m-- [0mFound Threads:[33m TRUE  
[0m[0m[36m-- [0mFound gtest sources under '/usr/src/gmock':[33m gtests will be built
[0m[0m[36m-- [0mUsing Python nosetests:[33m /usr/bin/nosetests-2.7
[0m[0m[36m-- [0mcatkin 0.7.14
[0m[36m-- [0mFound PythonLibs:[33m /usr/lib/x86_64-linux-gnu/libpython2.7.so (found version "2.7.12") 
[0m[0m[36m-- [0mBoost version:[33m 1.58.0
[0m[0m[36m-- [0mFound the following Boost libraries:[33m
[0m[0m[36m-- [0m  filesystem
[0m[36m-- [0m  python
[0m[36m-- [0m  system
[0m[36m-- [0mFound PkgConfig:[33m /usr/bin/pkg-config (found version "0.29.1") 
[0m[0m[36m-- [0mChecking for module 'yaml-cpp'
[0m[36m-- [0m  Found yaml-cpp, version 0.5.2
[0m[36m-- [0mConfiguring done
[0m[36m-- [0mGenerating done
[0m[36m-- [0mBuild files have been written to:[33m /home/l/teleop_pioneer_slam/build/camera_calibration_parsers
[0m[0m[[36mcamera_calibration_parsers[0m] [32m<==[0m '[1m/home/l/teleop_pioneer_slam/build/camera_calibration_parsers/build_env.sh /usr/bin/cmake /home/l/teleop_pioneer_slam/src/image_common/camera_calibration_parsers -DCATKIN_DEVEL_PREFIX=/home/l/teleop_pioneer_slam/devel -DCMAKE_INSTALL_PREFIX=/home/l/teleop_pioneer_slam/install[0m' finished with return code '[1m0[0m'[0m
[[36mcamera_calibration_parsers[0m] [1m[34m==>[0m '[1m/home/l/teleop_pioneer_slam/build/camera_calibration_parsers/build_env.sh /usr/bin/make --jobserver-fds=3,5 -j[0m' [30m[1min[0m '[1m/home/l/teleop_pioneer_slam/build/camera_calibration_parsers[0m'[0m
[35m[1mScanning dependencies of target rosgraph_msgs_generate_messages_nodejs[0m
[35m[1mScanning dependencies of target roscpp_generate_messages_eus[0m
[35m[1mScanning dependencies of target rosgraph_msgs_generate_messages_eus[0m
[35m[1mScanning dependencies of target roscpp_generate_messages_py[0m
[  0%] Built target rosgraph_msgs_generate_messages_nodejs
[  0%] Built target roscpp_generate_messages_py
[  0%] Built target rosgraph_msgs_generate_messages_eus
[35m[1mScanning dependencies of target sensor_msgs_generate_messages_lisp[0m
[  0%] Built target roscpp_generate_messages_eus
[35m[1mScanning dependencies of target geometry_msgs_generate_messages_py[0m
[35m[1mScanning dependencies of target sensor_msgs_generate_messages_cpp[0m
[  0%] Built target sensor_msgs_generate_messages_lisp
[35m[1mScanning dependencies of target sensor_msgs_generate_messages_py[0m
[  0%] Built target geometry_msgs_generate_messages_py
[  0%] Built target sensor_msgs_generate_messages_cpp
[35m[1mScanning dependencies of target sensor_msgs_generate_messages_eus[0m
[35m[1mScanning dependencies of target rosgraph_msgs_generate_messages_py[0m
[  0%] Built target sensor_msgs_generate_messages_py
[35m[1mScanning dependencies of target rosgraph_msgs_generate_messages_lisp[0m
[  0%] Built target sensor_msgs_generate_messages_eus
[  0%] Built target rosgraph_msgs_generate_messages_lisp
[  0%] Built target rosgraph_msgs_generate_messages_py
[35m[1mScanning dependencies of target roscpp_generate_messages_nodejs[0m
[35m[1mScanning dependencies of target std_msgs_generate_messages_nodejs[0m
[35m[1mScanning dependencies of target sensor_msgs_generate_messages_nodejs[0m
[35m[1mScanning dependencies of target geometry_msgs_generate_messages_cpp[0m
[  0%] Built target roscpp_generate_messages_nodejs
[  0%] Built target sensor_msgs_generate_messages_nodejs
[  0%] Built target geometry_msgs_generate_messages_cpp
[  0%] Built target std_msgs_generate_messages_nodejs
[35m[1mScanning dependencies of target rosgraph_msgs_generate_messages_cpp[0m
[35m[1mScanning dependencies of target roscpp_generate_messages_cpp[0m
[35m[1mScanning dependencies of target std_msgs_generate_messages_cpp[0m
[35m[1mScanning dependencies of target geometry_msgs_generate_messages_eus[0m
[  0%] Built target rosgraph_msgs_generate_messages_cpp
[  0%] Built target roscpp_generate_messages_cpp
[  0%] Built target std_msgs_generate_messages_cpp
[  0%] Built target geometry_msgs_generate_messages_eus
[35m[1mScanning dependencies of target std_msgs_generate_messages_py[0m
[35m[1mScanning dependencies of target geometry_msgs_generate_messages_nodejs[0m
[35m[1mScanning dependencies of target std_msgs_generate_messages_lisp[0m
[35m[1mScanning dependencies of target geometry_msgs_generate_messages_lisp[0m
[  0%] Built target geometry_msgs_generate_messages_lisp
[  0%] Built target std_msgs_generate_messages_py
[  0%] Built target geometry_msgs_generate_messages_nodejs
[  0%] Built target std_msgs_generate_messages_lisp
[35m[1mScanning dependencies of target roscpp_generate_messages_lisp[0m
[35m[1mScanning dependencies of target std_msgs_generate_messages_eus[0m
[  0%] Built target roscpp_generate_messages_lisp
[  0%] Built target std_msgs_generate_messages_eus
[35m[1mScanning dependencies of target camera_calibration_parsers[0m
[ 12%] [32mBuilding CXX object CMakeFiles/camera_calibration_parsers.dir/src/parse.cpp.o[0m
[ 25%] [32mBuilding CXX object CMakeFiles/camera_calibration_parsers.dir/src/parse_yml.cpp.o[0m
[ 37%] [32mBuilding CXX object CMakeFiles/camera_calibration_parsers.dir/src/parse_ini.cpp.o[0m
[ 50%] [32m[1mLinking CXX shared library /home/l/teleop_pioneer_slam/devel/lib/libcamera_calibration_parsers.so[0m
[ 50%] Built target camera_calibration_parsers
[35m[1mScanning dependencies of target convert[0m
[35m[1mScanning dependencies of target camera_calibration_parsers_wrapper[0m
[ 62%] [32mBuilding CXX object CMakeFiles/camera_calibration_parsers_wrapper.dir/src/parse_wrapper.cpp.o[0m
[ 75%] [32mBuilding CXX object CMakeFiles/convert.dir/src/convert.cpp.o[0m
[ 87%] [32m[1mLinking CXX executable /home/l/teleop_pioneer_slam/devel/lib/camera_calibration_parsers/convert[0m
[ 87%] Built target convert
[100%] [32m[1mLinking CXX shared library /home/l/teleop_pioneer_slam/devel/lib/python2.7/dist-packages/camera_calibration_parsers/camera_calibration_parsers_wrapper.so[0m
[100%] Built target camera_calibration_parsers_wrapper
[[36mcamera_calibration_parsers[0m] [32m<==[0m '[1m/home/l/teleop_pioneer_slam/build/camera_calibration_parsers/build_env.sh /usr/bin/make --jobserver-fds=3,5 -j[0m' finished with return code '[1m0[0m'[0m
