[[36mtheora_image_transport[0m] [1m[34m==>[0m '[1m/home/l/teleop_pioneer_slam/build/theora_image_transport/build_env.sh /usr/bin/cmake /home/l/teleop_pioneer_slam/src/image_transport_plugins/theora_image_transport -DCATKIN_DEVEL_PREFIX=/home/l/teleop_pioneer_slam/devel -DCMAKE_INSTALL_PREFIX=/home/l/teleop_pioneer_slam/install[0m' [30m[1min[0m '[1m/home/l/teleop_pioneer_slam/build/theora_image_transport[0m'[0m
[36m-- [0mThe C compiler identification is GNU 5.4.0
[0m[36m-- [0mThe CXX compiler identification is GNU 5.4.0
[0m[36m-- [0mCheck for working C compiler:[33m /usr/bin/cc
[0m[0m[36m-- [0mCheck for working C compiler:[33m /usr/bin/cc -- works
[0m[0m[36m-- [0mDetecting C compiler ABI info
[0m[36m-- [0mDetecting C compiler ABI info - done
[0m[36m-- [0mDetecting C compile features
[0m[36m-- [0mDetecting C compile features - done
[0m[36m-- [0mCheck for working CXX compiler:[33m /usr/bin/c++
[0m[0m[36m-- [0mCheck for working CXX compiler:[33m /usr/bin/c++ -- works
[0m[0m[36m-- [0mDetecting CXX compiler ABI info
[0m[36m-- [0mDetecting CXX compiler ABI info - done
[0m[36m-- [0mDetecting CXX compile features
[0m[36m-- [0mDetecting CXX compile features - done
[0m[36m-- [0mFound OpenCV:[33m /opt/ros/kinetic (found version "3.3.1") 
[0m[0m[36m-- [0mUsing CATKIN_DEVEL_PREFIX:[33m /home/l/teleop_pioneer_slam/devel
[0m[0m[36m-- [0mUsing CMAKE_PREFIX_PATH:[33m /home/l/teleop_pioneer_slam/devel;/opt/ros/kinetic
[0m[0m[36m-- [0mThis workspace overlays:[33m /home/l/teleop_pioneer_slam/devel;/opt/ros/kinetic
[0m[0m[36m-- [0mFound PythonInterp:[33m /usr/bin/python (found version "2.7.12") 
[0m[0m[36m-- [0mUsing PYTHON_EXECUTABLE:[33m /usr/bin/python
[0m[0m[36m-- [0mUsing Debian Python package layout
[0m[36m-- [0mUsing empy:[33m /usr/bin/empy
[0m[0m[36m-- [0mUsing CATKIN_ENABLE_TESTING:[33m ON
[0m[0m[36m-- [0mCall enable_testing()
[0m[36m-- [0mUsing CATKIN_TEST_RESULTS_DIR:[33m /home/l/teleop_pioneer_slam/build/theora_image_transport/test_results
[0m[0m[36m-- [0mFound gmock sources under '/usr/src/gmock':[33m gmock will be built
[0m[0m[36m-- [0mLooking for pthread.h
[0m[36m-- [0mLooking for pthread.h - found
[0m[36m-- [0mLooking for pthread_create
[0m[36m-- [0mLooking for pthread_create - not found
[0m[36m-- [0mLooking for pthread_create in pthreads
[0m[36m-- [0mLooking for pthread_create in pthreads - not found
[0m[36m-- [0mLooking for pthread_create in pthread
[0m[36m-- [0mLooking for pthread_create in pthread - found
[0m[36m-- [0mFound Threads:[33m TRUE  
[0m[0m[36m-- [0mFound gtest sources under '/usr/src/gmock':[33m gtests will be built
[0m[0m[36m-- [0mUsing Python nosetests:[33m /usr/bin/nosetests-2.7
[0m[0m[36m-- [0mcatkin 0.7.14
[0m[36m-- [0mUsing these message generators:[33m gencpp;geneus;genlisp;gennodejs;genpy
[0m[0m[36m-- [0mtheora_image_transport:[33m 1 messages, 0 services
[0m[0m[36m-- [0mFound PkgConfig:[33m /usr/bin/pkg-config (found version "0.29.1") 
[0m[0m[36m-- [0mChecking for module 'ogg'
[0m[36m-- [0m  Found ogg, version 1.3.2
[0m[36m-- [0mChecking for module 'theora'
[0m[36m-- [0m  Found theora, version 1.1.1
[0m[36m-- [0mChecking for module 'theoraenc'
[0m[36m-- [0m  Found theoraenc, version 1.1.1
[0m[36m-- [0mChecking for module 'theoradec'
[0m[36m-- [0m  Found theoradec, version 1.1.1
[0m[36m-- [0mChecking to see if CXX compiler accepts flag -Wl,--version-script,"/home/l/teleop_pioneer_slam/build/theora_image_transport/class_loader_hide_library_symbols__theora_image_transport.script"
[0m[36m-- [0mChecking to see if CXX compiler accepts flag -Wl,--version-script,"/home/l/teleop_pioneer_slam/build/theora_image_transport/class_loader_hide_library_symbols__theora_image_transport.script" - yes
[0m[36m-- [0mConfiguring done
[0m[36m-- [0mGenerating done
[0m[36m-- [0mBuild files have been written to:[33m /home/l/teleop_pioneer_slam/build/theora_image_transport
[0m[0m[[36mtheora_image_transport[0m] [32m<==[0m '[1m/home/l/teleop_pioneer_slam/build/theora_image_transport/build_env.sh /usr/bin/cmake /home/l/teleop_pioneer_slam/src/image_transport_plugins/theora_image_transport -DCATKIN_DEVEL_PREFIX=/home/l/teleop_pioneer_slam/devel -DCMAKE_INSTALL_PREFIX=/home/l/teleop_pioneer_slam/install[0m' finished with return code '[1m0[0m'[0m
[[36mtheora_image_transport[0m] [1m[34m==>[0m '[1m/home/l/teleop_pioneer_slam/build/theora_image_transport/build_env.sh /usr/bin/make --jobserver-fds=3,5 -j[0m' [30m[1min[0m '[1m/home/l/teleop_pioneer_slam/build/theora_image_transport[0m'[0m
[35m[1mScanning dependencies of target theora_image_transport_gencfg[0m
[35m[1mScanning dependencies of target std_msgs_generate_messages_cpp[0m
[35m[1mScanning dependencies of target std_msgs_generate_messages_py[0m
[35m[1mScanning dependencies of target _theora_image_transport_generate_messages_check_deps_Packet[0m
[  0%] Built target std_msgs_generate_messages_cpp
[  0%] Built target std_msgs_generate_messages_py
[  6%] [34m[1mGenerating dynamic reconfigure files from cfg/TheoraPublisher.cfg: /home/l/teleop_pioneer_slam/devel/include/theora_image_transport/TheoraPublisherConfig.h /home/l/teleop_pioneer_slam/devel/lib/python2.7/dist-packages/theora_image_transport/cfg/TheoraPublisherConfig.py[0m
[35m[1mScanning dependencies of target std_msgs_generate_messages_nodejs[0m
[35m[1mScanning dependencies of target std_msgs_generate_messages_lisp[0m
[  6%] Built target std_msgs_generate_messages_lisp
[  6%] Built target std_msgs_generate_messages_nodejs
[35m[1mScanning dependencies of target std_msgs_generate_messages_eus[0m
[ 13%] [34m[1mGenerating dynamic reconfigure files from cfg/TheoraSubscriber.cfg: /home/l/teleop_pioneer_slam/devel/include/theora_image_transport/TheoraSubscriberConfig.h /home/l/teleop_pioneer_slam/devel/lib/python2.7/dist-packages/theora_image_transport/cfg/TheoraSubscriberConfig.py[0m
[ 13%] Built target _theora_image_transport_generate_messages_check_deps_Packet
[ 13%] Built target std_msgs_generate_messages_eus
Generating reconfiguration files for TheoraPublisher in theora_image_transport
Wrote header file in /home/l/teleop_pioneer_slam/devel/include/theora_image_transport/TheoraPublisherConfig.h
[35m[1mScanning dependencies of target theora_image_transport_generate_messages_cpp[0m
[35m[1mScanning dependencies of target theora_image_transport_generate_messages_py[0m
[ 20%] [34m[1mGenerating C++ code from theora_image_transport/Packet.msg[0m
[ 26%] [34m[1mGenerating Python from MSG theora_image_transport/Packet[0m
Generating reconfiguration files for TheoraSubscriber in theora_image_transport
Wrote header file in /home/l/teleop_pioneer_slam/devel/include/theora_image_transport/TheoraSubscriberConfig.h
[35m[1mScanning dependencies of target theora_image_transport_generate_messages_nodejs[0m
[ 33%] [34m[1mGenerating Javascript code from theora_image_transport/Packet.msg[0m
[ 33%] Built target theora_image_transport_gencfg
[35m[1mScanning dependencies of target theora_image_transport_generate_messages_lisp[0m
[ 46%] [34m[1mGenerating Python msg __init__.py for theora_image_transport[0m
[ 46%] [34m[1mGenerating Lisp code from theora_image_transport/Packet.msg[0m
[ 46%] Built target theora_image_transport_generate_messages_nodejs
[ 46%] Built target theora_image_transport_generate_messages_lisp
[35m[1mScanning dependencies of target theora_image_transport_generate_messages_eus[0m
[ 53%] [34m[1mGenerating EusLisp manifest code for theora_image_transport[0m
[ 60%] [34m[1mGenerating EusLisp code from theora_image_transport/Packet.msg[0m
[ 60%] Built target theora_image_transport_generate_messages_py
[ 60%] Built target theora_image_transport_generate_messages_cpp
[35m[1mScanning dependencies of target theora_image_transport_gencpp[0m
[ 60%] Built target theora_image_transport_gencpp
[35m[1mScanning dependencies of target ogg_saver[0m
[35m[1mScanning dependencies of target theora_image_transport[0m
[ 66%] [32mBuilding CXX object CMakeFiles/ogg_saver.dir/src/ogg_saver.cpp.o[0m
[ 73%] [32mBuilding CXX object CMakeFiles/theora_image_transport.dir/src/theora_subscriber.cpp.o[0m
[ 80%] [32mBuilding CXX object CMakeFiles/theora_image_transport.dir/src/theora_publisher.cpp.o[0m
[ 80%] Built target theora_image_transport_generate_messages_eus
[ 86%] [32mBuilding CXX object CMakeFiles/theora_image_transport.dir/src/manifest.cpp.o[0m
[ 93%] [32m[1mLinking CXX executable /home/l/teleop_pioneer_slam/devel/lib/theora_image_transport/ogg_saver[0m
[ 93%] Built target ogg_saver
[35m[1mScanning dependencies of target theora_image_transport_generate_messages[0m
[ 93%] Built target theora_image_transport_generate_messages
[100%] [32m[1mLinking CXX shared library /home/l/teleop_pioneer_slam/devel/lib/libtheora_image_transport.so[0m
[100%] Built target theora_image_transport
[[36mtheora_image_transport[0m] [32m<==[0m '[1m/home/l/teleop_pioneer_slam/build/theora_image_transport/build_env.sh /usr/bin/make --jobserver-fds=3,5 -j[0m' finished with return code '[1m0[0m'[0m
